0 info it worked if it ends with ok
<<<<<<< HEAD
1 verbose cli [ '/usr/local/bin/node',
1 verbose cli   '/Users/omer/.npm-packages/bin/npm',
1 verbose cli   'start' ]
2 info using npm@3.7.2
3 info using node@v5.2.0
=======
1 verbose cli [ 'C:\\Program Files\\nodejs\\node.exe',
1 verbose cli   'C:\\Program Files\\nodejs\\node_modules\\npm\\bin\\npm-cli.js',
1 verbose cli   'start' ]
2 info using npm@3.10.8
3 info using node@v6.9.1
>>>>>>> e3143eb855e35cd5ec047fb69b0ae4d0db20d969
4 verbose run-script [ 'prestart', 'start', 'poststart' ]
5 info lifecycle eldenedin@1.0.0~prestart: eldenedin@1.0.0
6 silly lifecycle eldenedin@1.0.0~prestart: no script for prestart, continuing
7 info lifecycle eldenedin@1.0.0~start: eldenedin@1.0.0
8 verbose lifecycle eldenedin@1.0.0~start: unsafe-perm in lifecycle true
<<<<<<< HEAD
9 verbose lifecycle eldenedin@1.0.0~start: PATH: /Users/omer/.npm-packages/lib/node_modules/npm/bin/node-gyp-bin:/Users/omer/Desktop/web/Node/teaching/eldenedin/node_modules/.bin:/usr/local/bin:/Users/omer/.swiftenv/shims:/Users/omer/.swiftenv/bin:/Users/omer/.npm-packages/bin:/Users/omer/.npm-packages/bin:/Users/omer/.npm-packages/bin:/Users/omer/.npm-packages/bin:/Users/omer/.npm-packages/bin:/Users/omer/.npm-packages/bin:/Library/Frameworks/Python.framework/Versions/2.7/bin:/Library/Frameworks/Python.framework/Versions/3.4/bin:/Users/omer/.rvm/gems/ruby-2.2.4/bin:/Users/omer/.rvm/gems/ruby-2.2.4@global/bin:/Users/omer/.rvm/rubies/ruby-2.2.4/bin:/usr/local/bin:/usr/bin:/bin:/usr/sbin:/sbin:/opt/X11/bin:/Users/omer/.rvm/bin:/Users/omer/.rvm/bin:/Users/omer/.rvm/bin
10 verbose lifecycle eldenedin@1.0.0~start: CWD: /Users/omer/Desktop/web/Node/teaching/eldenedin
11 silly lifecycle eldenedin@1.0.0~start: Args: [ '-c', 'node server.js' ]
=======
9 verbose lifecycle eldenedin@1.0.0~start: PATH: C:\Program Files\nodejs\node_modules\npm\bin\node-gyp-bin;C:\Users\pc\Desktop\web applications\eldenedin\node_modules\.bin;C:\Users\pc\bin;C:\Program Files\Git\mingw64\bin;C:\Program Files\Git\usr\local\bin;C:\Program Files\Git\usr\bin;C:\Program Files\Git\usr\bin;C:\Program Files\Git\mingw64\bin;C:\Program Files\Git\usr\bin;C:\Users\pc\bin;C:\ProgramData\Oracle\Java\javapath;C:\WINDOWS\system32;C:\WINDOWS;C:\WINDOWS\System32\Wbem;C:\WINDOWS\System32\WindowsPowerShell\v1.0;C:\WINDOWS\system32\config\systemprofile\.dnx\bin;C:\Program Files\Microsoft DNX\Dnvm;C:\Program Files (x86)\ATI Technologies\ATI.ACE\Core-Static;C:\Program Files\Microsoft SQL Server\130\Tools\Binn;C:\Program Files (x86)\Microsoft SQL Server\Client SDK\ODBC\110\Tools\Binn;C:\Program Files (x86)\Microsoft SQL Server\120\Tools\Binn;C:\Program Files (x86)\Microsoft SQL Server\120\DTS\Binn;C:\Program Files (x86)\Microsoft SQL Server\120\Tools\Binn\ManagementStudio;C:\Program Files\nodejs;C:\Program Files\Git\cmd;C:\Program Files\Java\jdk1.8.0_73;C:\Users\pc\AppData\Local\Microsoft\WindowsApps;C:\Users\pc\AppData\Roaming\npm;C:\Users\pc\AppData\Local\atom\bin;C:\Program Files\Git\usr\bin\vendor_perl;C:\Program Files\Git\usr\bin\core_perl
10 verbose lifecycle eldenedin@1.0.0~start: CWD: C:\Users\pc\Desktop\web applications\eldenedin
11 silly lifecycle eldenedin@1.0.0~start: Args: [ '/d /s /c', 'node server.js' ]
>>>>>>> e3143eb855e35cd5ec047fb69b0ae4d0db20d969
12 silly lifecycle eldenedin@1.0.0~start: Returned: code: 1  signal: null
13 info lifecycle eldenedin@1.0.0~start: Failed to exec start script
14 verbose stack Error: eldenedin@1.0.0 start: `node server.js`
14 verbose stack Exit status 1
<<<<<<< HEAD
14 verbose stack     at EventEmitter.<anonymous> (/Users/omer/.npm-packages/lib/node_modules/npm/lib/utils/lifecycle.js:239:16)
14 verbose stack     at emitTwo (events.js:88:13)
14 verbose stack     at EventEmitter.emit (events.js:173:7)
14 verbose stack     at ChildProcess.<anonymous> (/Users/omer/.npm-packages/lib/node_modules/npm/lib/utils/spawn.js:24:14)
14 verbose stack     at emitTwo (events.js:88:13)
14 verbose stack     at ChildProcess.emit (events.js:173:7)
14 verbose stack     at maybeClose (internal/child_process.js:819:16)
14 verbose stack     at Process.ChildProcess._handle.onexit (internal/child_process.js:212:5)
15 verbose pkgid eldenedin@1.0.0
16 verbose cwd /Users/omer/Desktop/web/Node/teaching/eldenedin
17 error Darwin 16.1.0
18 error argv "/usr/local/bin/node" "/Users/omer/.npm-packages/bin/npm" "start"
19 error node v5.2.0
20 error npm  v3.7.2
=======
14 verbose stack     at EventEmitter.<anonymous> (C:\Program Files\nodejs\node_modules\npm\lib\utils\lifecycle.js:255:16)
14 verbose stack     at emitTwo (events.js:106:13)
14 verbose stack     at EventEmitter.emit (events.js:191:7)
14 verbose stack     at ChildProcess.<anonymous> (C:\Program Files\nodejs\node_modules\npm\lib\utils\spawn.js:40:14)
14 verbose stack     at emitTwo (events.js:106:13)
14 verbose stack     at ChildProcess.emit (events.js:191:7)
14 verbose stack     at maybeClose (internal/child_process.js:877:16)
14 verbose stack     at Process.ChildProcess._handle.onexit (internal/child_process.js:226:5)
15 verbose pkgid eldenedin@1.0.0
16 verbose cwd C:\Users\pc\Desktop\web applications\eldenedin
17 error Windows_NT 10.0.14393
18 error argv "C:\\Program Files\\nodejs\\node.exe" "C:\\Program Files\\nodejs\\node_modules\\npm\\bin\\npm-cli.js" "start"
19 error node v6.9.1
20 error npm  v3.10.8
>>>>>>> e3143eb855e35cd5ec047fb69b0ae4d0db20d969
21 error code ELIFECYCLE
22 error eldenedin@1.0.0 start: `node server.js`
22 error Exit status 1
23 error Failed at the eldenedin@1.0.0 start script 'node server.js'.
23 error Make sure you have the latest version of node.js and npm installed.
23 error If you do, this is most likely a problem with the eldenedin package,
23 error not with npm itself.
23 error Tell the author that this fails on your system:
23 error     node server.js
23 error You can get information on how to open an issue for this project with:
23 error     npm bugs eldenedin
23 error Or if that isn't available, you can get their info via:
23 error     npm owner ls eldenedin
23 error There is likely additional logging output above.
24 verbose exit [ 1, true ]
